[14:23.52.889]  
[14:23.52.890]  BEGIN AdaptToGlobalDPI
[14:23.52.890]      AdaptToGlobalDPI: DPI=96
[14:23.52.890]      BEGIN Loading flat icons (size=64)
[14:23.52.890]          Uncompressing resource...
[14:23.52.903]          Opening uncompressed resource
[14:23.52.903]          Extracting icons to ImageList Im64
[14:23.52.905]      END Loading flat icons (size=64)
[14:23.52.905]      BEGIN Loading flat icons (size=16)
[14:23.52.905]          Uncompressing resource...
[14:23.52.922]          Opening uncompressed resource
[14:23.52.922]          Extracting icons to ImageList Im16
[14:23.53.028]      END Loading flat icons (size=16)
[14:23.53.028]      BEGIN Loading flat icons (size=22)
[14:23.53.028]          Uncompressing resource...
[14:23.53.054]          Opening uncompressed resource
[14:23.53.055]          Extracting icons to ImageList Im22
[14:23.53.161]      END Loading flat icons (size=22)
[14:23.53.161]  END AdaptToGlobalDPI
[14:23.53.161]  
[14:23.53.161]  BEGIN AddMobaConsoleFont
[14:23.53.162]  END AddMobaConsoleFont
[14:23.53.162]  
[14:23.53.167]  - MobaXterm version: 11.1 Build 3860
[14:23.53.167]  - Command line: "C:\Users\sridhar_kondaboina\Documents\MobaXterm_Portable_v11.1\MobaXterm_Personal_11.1.exe"
[14:23.53.167]  - Date: 2019-03-21
[14:23.53.167]  - Win32 version: 10.0.2.17763.
[14:23.53.167]  - Windows architecture: 64-bits
[14:23.53.167]  - Detected DPI: 96
[14:23.53.167]  - Current DPI: 96
[14:23.53.167]  - CurDir: C:\Users\SRIDHA~1\DOCUME~1\MOBAXT~1.1\
[14:23.53.167]  - PersonalDir: C:\Users\SRIDHA~1\DOCUME~1\
[14:23.53.167]  - AppDataDir: C:\Users\SRIDHA~1\AppData\Roaming\
[14:23.53.167]  - LocalAppDataDir: C:\Users\SRIDHA~1\AppData\Local\
[14:23.53.167]  - DesktopDir: C:\Users\SRIDHA~1\Desktop\
[14:23.53.167]  - MobaProfileDir: C:\Users\SRIDHA~1\DOCUME~1\
[14:23.53.168]  - Free space in MobaProfileDir folder: 197068MB
[14:23.53.168]  - TempDir: C:\Users\SRIDHA~1\AppData\Local\Temp\
[14:23.53.168]  - Free space in TempDir folder: 197068MB
[14:23.53.168]  - Monitor #0: 1600x900
[14:23.53.168]  - User name: Sridhar_Kondaboina
[14:23.53.168]  - Computer name: EPINHYDW0218
[14:23.53.168]  - Uptime: 0 days, 00:59:05
[14:23.53.168]  - Windows PATH: C:\Program Files\Microsoft MPI\Bin\;C:\WINDOWS\system32;C:\WINDOWS;C:\WINDOWS\System32\Wbem;C:\WINDOWS\System32\WindowsPowerShell\v1.0\;C:\WINDOWS\System32\OpenSSH\;C:\Program Files\TortoiseSVN\bin;C:\Program Files\Microsoft VS Code\bin;C:\Users\Pavankumar_Emmadi\AppData\Local\Programs\Git\cmd;C:\Program Files\dotnet\;C:\Program Files\PuTTY\;C:\ProgramData\chocolatey\bin;C:\HashiCorp\Vagrant\bin;C:\Users\sridhar_kondaboina\AppData\Local\Programs\Python\Python37-32\Scripts\;C:\Users\sridhar_kondaboina\AppData\Local\Programs\Python\Python37-32\;C:\Users\sridhar_kondaboina\AppData\Local\Microsoft\WindowsApps;
[14:23.53.168]  - WSL not found
[14:23.53.168]  
[14:23.53.168]  BEGIN Form1.FormCreate
[14:23.53.168]      Detecting installed/portable version
[14:23.53.168]      --> portable version
[14:23.53.168]      
[14:23.53.169]      Detecting IniSettings
[14:23.53.197]      MobaXterm will take its configuration from file "C:\Users\SRIDHA~1\DOCUME~1\MOBAXT~1.1\MobaXterm.ini".
[14:23.53.198]      (selected ini file seems to be writeable)
[14:23.53.198]      --> IniSettings= C:\Users\SRIDHA~1\DOCUME~1\MOBAXT~1.1\MobaXterm.ini
[14:23.53.198]      
[14:23.53.199]      Detecting CygUtils
[14:23.53.199]      CygUtils32 detected
[14:23.53.199]      --> Using CygPackage C:\Users\SRIDHA~1\DOCUME~1\MOBAXT~1.1\CygUtils.plugin
[14:23.53.199]      
[14:23.53.199]      Detecting MobaXVTDir
[14:23.53.200]      IniSlashDir:=C:\Users\sridhar_kondaboina\Documents\MobaXterm_Portable_v11.1\slash
[14:23.53.200]      BEGIN IsFolderRW(C:\Users\sridhar_kondaboina\Documents\MobaXterm_Portable_v11.1\slash)
[14:23.53.231]          CreateSymbolicLink(C:\Users\sridhar_kondaboina\Documents\MobaXterm_Portable_v11.1\slash\drives, C:\Users\sridhar_kondaboina\Documents\MobaXterm_Portable_v11.1\slash\cygdrive);
[14:23.53.235]          CreateSymbolicLink(C:\Users\sridhar_kondaboina\Documents\MobaXterm_Portable_v11.1\slash\drives, C:\Users\sridhar_kondaboina\Documents\MobaXterm_Portable_v11.1\slash\mnt);
[14:23.53.238]          CreateSymbolicLink(C:\Users\sridhar_kondaboina\Documents\MobaXterm_Portable_v11.1\slash\drives, C:\Users\sridhar_kondaboina\Documents\MobaXterm_Portable_v11.1\slash\media);
[14:23.53.242]          CreateSymbolicLink(/proc/registry, C:\Users\sridhar_kondaboina\Documents\MobaXterm_Portable_v11.1\slash\registry);
[14:23.53.259]          CreateSymbolicLink(C:\Users\sridhar_kondaboina\Documents\MobaXterm_Portable_v11.1\slash\mx86_64b\drives, C:\Users\sridhar_kondaboina\Documents\MobaXterm_Portable_v11.1\slash\mx86_64b\cygdrive);
[14:23.53.265]          CreateSymbolicLink(C:\Users\sridhar_kondaboina\Documents\MobaXterm_Portable_v11.1\slash\mx86_64b\drives, C:\Users\sridhar_kondaboina\Documents\MobaXterm_Portable_v11.1\slash\mx86_64b\mnt);
[14:23.53.268]          CreateSymbolicLink(C:\Users\sridhar_kondaboina\Documents\MobaXterm_Portable_v11.1\slash\mx86_64b\drives, C:\Users\sridhar_kondaboina\Documents\MobaXterm_Portable_v11.1\slash\mx86_64b\media);
[14:23.53.271]          CreateSymbolicLink(/proc/registry, C:\Users\sridhar_kondaboina\Documents\MobaXterm_Portable_v11.1\slash\mx86_64b\registry);
[14:23.53.306]      END IsFolderRW(C:\Users\sridhar_kondaboina\Documents\MobaXterm_Portable_v11.1\slash) --> OK
[14:23.53.306]      --> MobaXVTDir= C:\Users\sridhar_kondaboina\Documents\MobaXterm_Portable_v11.1\slash
[14:23.53.307]      
[14:23.53.307]      Detecting BinExeDir
[14:23.53.307]      --> BinExeDir= C:\Users\sridhar_kondaboina\Documents\MobaXterm_Portable_v11.1\slash\bin\
[14:23.53.307]      --> SessionsDir= C:\Users\sridhar_kondaboina\Documents\MobaXterm_Portable_v11.1\slash\tmp\sessions
[14:23.53.307]      
[14:23.53.307]      Detecting MobaXVTHomeDir
[14:23.53.308]      BEGIN IsFolderRW(C:\Users\sridhar_kondaboina\Documents\MobaXterm_Portable_v11.1\mobo_persistent_drive)
[14:23.53.319]      END IsFolderRW(C:\Users\sridhar_kondaboina\Documents\MobaXterm_Portable_v11.1\mobo_persistent_drive) --> OK
[14:23.53.319]      --> MobaXVTHomeDir= C:\Users\sridhar_kondaboina\Documents\MobaXterm_Portable_v11.1\mobo_persistent_drive
[14:23.53.319]      
[14:23.53.319]      Skin detection
[14:23.53.319]      Skin selected:
[14:23.53.319]      Set Application Title
[14:23.53.412]      - Cygwin1.dll not detected in running applications.
[14:23.53.412]      
[14:23.53.413]      Process list:  Registry, fontdrvhost.exe, fontdrvhost.exe, igfxCUIService.exe, UshUpgradeService.exe, Memory Compression, RtkAudioService64.exe, PulseSecureService.exe, RAVBg64.exe, RAVBg64.exe, wlanext.exe, HostControlService.exe, HostStorageService.exe, armsvc.exe, HidMonitorSvc.exe, IntelCpHDCPSvc.exe, DellRctlService.exe, esif_uf.exe, ibtsiva.exe, ccSvcHst.exe, ERCService.exe, unsecapp.exe, WmiPrvSE.exe, WmiPrvSE.exe, IntelCpHeciSvc.exe, unsecapp.exe, dllhost.exe, OfficeClickToRun.exe, AppVShNotify.exe, CcmExec.exe, WmiPrvSE.exe, MBAMAgent.exe, QualysAgent.exe, SgrmBroker.exe, WmiPrvSE.exe, SearchIndexer.exe, SecurityHealthService.exe, PulseSecureService.exe, C:\Program Files (x86)\Symantec\Symantec Endpoint Protection\14.2.1015.0100.105\Bin\ccSvcHst.exe, C:\Program Files\DellTPad\Apoint.exe, C:\Windows\Temp\DPTF\esif_assist_64.exe, C:\Windows\System32\sihost.exe, C:\Windows\System32\taskhostw.exe, PresentationFontCache.exe, ApMsgFwd.exe, C:\Program Files\DellTPad\hidfind.exe, C:\Program Files\DellTPad\ApntEx.exe, C:\Windows\System32\DriverStore\FileRepository\ki124455.inf_amd64_0f9ddfab4df0266d\igfxEM.exe, C:\Windows\System32\dllhost.exe, C:\Program Files\TortoiseSVN\bin\TSVNCache.exe, C:\Windows\SystemApps\ShellExperienceHost_cw5n1h2txyewy\ShellExperienceHost.exe, C:\Windows\SystemApps\Microsoft.Windows.Cortana_cw5n1h2txyewy\SearchUI.exe, C:\Windows\System32\RuntimeBroker.exe, C:\Windows\System32\RuntimeBroker.exe, C:\Windows\System32\ApplicationFrameHost.exe, C:\Windows\SystemApps\Microsoft.MicrosoftEdge_8wekyb3d8bbwe\MicrosoftEdge.exe, C:\Program Files\Realtek\Audio\HDA\RAVBg64.exe, C:\Windows\System32\wbem\unsecapp.exe, C:\Windows\System32\browser_broker.exe, C:\Windows\System32\RuntimeBroker.exe, C:\Windows\System32\MicrosoftEdgeSH.exe, C:\Windows\System32\MicrosoftEdgeCP.exe, C:\Windows\System32\RuntimeBroker.exe, C:\Program Files\Realtek\Audio\HDA\RtkNGUI64.exe, C:\Program Files\Realtek\Audio\HDA\RAVBg64.exe, C:\Users\sridhar_kondaboina\AppData\Local\Microsoft\OneDrive\OneDrive.exe, C:\Program Files\Microsoft Office\root\Office16\lync.exe, C:\Users\sridhar_kondaboina\AppData\Local\Google\Chrome\Application\chrome.exe, C:\Users\sridhar_kondaboina\AppData\Local\Google\Chrome\Application\chrome.exe, C:\Users\sridhar_kondaboina\AppData\Local\Google\Chrome\Application\chrome.exe, C:\Users\sridhar_kondaboina\AppData\Local\Google\Chrome\Application\chrome.exe, C:\Users\sridhar_kondaboina\AppData\Local\Google\Chrome\Application\chrome.exe, C:\Program Files\Microsoft Office\root\Office16\ONENOTEM.EXE, C:\Users\sridhar_kondaboina\AppData\Local\Google\Chrome\Application\chrome.exe, C:\Users\sridhar_kondaboina\AppData\Local\Google\Chrome\Application\chrome.exe, C:\Users\sridhar_kondaboina\AppData\Local\Google\Chrome\Application\chrome.exe, C:\Users\sridhar_kondaboina\AppData\Local\Google\Chrome\Application\chrome.exe, C:\Users\sridhar_kondaboina\AppData\Local\Google\Chrome\Application\chrome.exe, C:\Users\sridhar_kondaboina\AppData\Local\Microsoft\Teams\current\Teams.exe, C:\Users\sridhar_kondaboina\AppData\Local\Microsoft\Teams\current\Teams.exe, C:\Users\sridhar_kondaboina\AppData\Local\Microsoft\Teams\current\Teams.exe, C:\Program Files (x86)\Common Files\Pulse Secure\JamUI\Pulse.exe, C:\Windows\System32\SettingSyncHost.exe, dnscrypt-proxy.exe, C:\Users\sridhar_kondaboina\AppData\Local\Microsoft\Teams\current\Teams.exe, C:\Users\sridhar_kondaboina\AppData\Local\Google\Update\1.3.33.23\GoogleCrashHandler.exe, C:\Users\sridhar_kondaboina\AppData\Local\Google\Update\1.3.33.23\GoogleCrashHandler64.exe, WmiPrvSE.exe, C:\Windows\CCM\SCNotification.exe, WmiApSrv.exe, C:\Windows\System32\smartscreen.exe, C:\Windows\System32\RuntimeBroker.exe, C:\Users\sridhar_kondaboina\AppData\Local\Google\Chrome\Application\chrome.exe, C:\Users\sridhar_kondaboina\AppData\Local\Google\Chrome\Application\chrome.exe, C:\Users\sridhar_kondaboina\AppData\Local\Google\Chrome\Application\chrome.exe, C:\Windows\System32\dllhost.exe, C:\Users\sridhar_kondaboina\AppData\Local\Google\Chrome\Application\chrome.exe, C:\Users\sridhar_kondaboina\AppData\Local\Google\Chrome\Application\chrome.exe, C:\Users\sridhar_kondaboina\AppData\Local\Google\Chrome\Application\chrome.exe, dllhost.exe, C:\Program Files (x86)\Notepad++\notepad++.exe, C:\Windows\SystemApps\InputApp_cw5n1h2txyewy\WindowsInternal.ComposableShell.Experiences.TextInput.InputApp.exe, C:\Program Files\WindowsApps\Microsoft.WindowsStore_11811.1001.18.0_x64__8wekyb3d8bbwe\WinStore.App.exe, C:\Windows\ImmersiveControlPanel\SystemSettings.exe, C:\Program Files\WindowsApps\Microsoft.BingWeather_4.28.10351.0_x64__8wekyb3d8bbwe\Microsoft.Msn.Weather.exe, C:\Windows\System32\RuntimeBroker.exe, C:\Users\sridhar_kondaboina\AppData\Local\Google\Chrome\Application\chrome.exe, C:\Users\sridhar_kondaboina\AppData\Local\Google\Chrome\Application\chrome.exe, C:\Users\sridhar_kondaboina\AppData\Local\Google\Chrome\Application\chrome.exe, C:\Users\sridhar_kondaboina\AppData\Local\Google\Chrome\Application\chrome.exe, C:\Users\sridhar_kondaboina\AppData\Local\Google\Chrome\Application\chrome.exe, C:\Program Files\WindowsApps\Microsoft.WindowsCalculator_10.1812.10048.0_x64__8wekyb3d8bbwe\Calculator.exe, C:\Users\sridhar_kondaboina\AppData\Local\Google\Chrome\Application\chrome.exe, C:\Users\sridhar_kondaboina\AppData\Local\Programs\Git\git-bash.exe, C:\Users\sridhar_kondaboina\AppData\Local\Programs\Git\usr\bin\mintty.exe, C:\Users\sridhar_kondaboina\AppData\Local\Programs\Git\usr\bin\bash.exe, C:\Users\sridhar_kondaboina\AppData\Local\Google\Chrome\Application\chrome.exe, C:\Users\sridhar_kondaboina\AppData\Local\Google\Chrome\Application\chrome.exe, C:\Users\sridhar_kondaboina\AppData\Local\Google\Chrome\Application\chrome.exe, C:\Users\sridhar_kondaboina\AppData\Local\Google\Chrome\Application\chrome.exe, C:\Users\sridhar_kondaboina\AppData\Local\Google\Chrome\Application\chrome.exe, C:\Users\sridhar_kondaboina\AppData\Local\Google\Chrome\Application\chrome.exe, C:\Users\sridhar_kondaboina\AppData\Local\Google\Chrome\Application\chrome.exe, C:\Windows\System32\backgroundTaskHost.exe, C:\Windows\System32\RuntimeBroker.exe, C:\Users\sridhar_kondaboina\Documents\MobaXterm_Portable_v11.1\MobaXterm_Personal_11.1.exe, C:\Users\sridhar_kondaboina\Documents\MobaXterm_Portable_v11.1\MobaXterm_Personal_11.1.exe
[14:23.53.413]      Some applications may prevent MobaXterm from running properly:
    - Symantec Endpoint Protection: can prevent MobaXterm from running sub-process or from opening X11 server port (with some specific SEP settings)

If MobaXterm works properly, you can ignore this warning.
However, if you encounter issues, this information may be useful in order to fix them.
[14:23.53.413]      

[14:23.54.017]      
[14:23.54.017]      --> CygUtils version: 1.68 (32 bits)
[14:23.54.017]      
[14:23.54.023]      
[14:23.54.023]      BEGIN LoadExtensionsImageList
[14:23.54.170]      END LoadExtensionsImageList
[14:23.54.170]      
[14:23.54.170]      BEGIN ReadCustomIcons
[14:23.54.170]          No custom icon found.
[14:23.54.170]      END ReadCustomIcons
[14:23.54.170]      Generating icons list (size 16)
[14:23.54.499]      Generating icons list (size 22)
[14:23.54.809]      Generating icons list (size 64)
[14:23.54.835]      Creating tray icon
[14:23.54.835]      Loading skins
[14:23.54.835]  END Form1.Create
[14:23.54.836]  
[14:23.54.836]  
[14:23.54.836]  CREATING Form4

[14:23.55.260]  BEGIN Form4.Create
[14:23.55.289]      NbPingus = 4
[14:23.55.293]      BEGIN LoadBookmarksFromIni
[14:23.55.293]          FindOrCreateTreeFolders() (1)
[14:23.55.302]      END LoadBookmarksFromIni
[14:23.55.303]      BEGIN LoadMacrosFromIni
[14:23.55.305]      END LoadMacrosFromIni
[14:23.55.316]      Form4Create1
[14:23.55.317]      Form4Create2
[14:23.55.339]      BEGIN AdaptSidebarArrows
[14:23.55.339]      END AdaptSidebarArrows
[14:23.55.370]      Form4Create3
[14:23.55.372]      GetMinWidth = 1083
[14:23.55.373]      GetMinHeight = 603
[14:23.55.387]      Form4Create4
[14:23.55.387]      IsNTFS(C:\) --> NTFS
[14:23.55.387]      Slash drive is NTFS.
[14:23.55.388]      Form4Create5
[14:23.55.391]      Form4Create6
[14:23.55.391]      Displaysidebarontheleft1Click: FormClick
[14:23.55.424]      BEGIN AdaptSidebarArrows
[14:23.55.424]      END AdaptSidebarArrows
[14:23.55.424]      Form4Create7
[14:23.55.424]      Form4Create8
[14:23.55.424]      Form4Create9
[14:23.55.424]      ShowButtonsbar1Click: FormClick
[14:23.55.425]      Form4Create10
[14:23.55.425]      Form4Create12
[14:23.55.425]      SmallButtons1Click: FormClick
[14:23.55.437]      GetMinWidth = 1083
[14:23.55.437]      GetMinHeight = 599
[14:23.55.437]      Form4Create13
[14:23.55.437]      Form4Create14
[14:23.55.437]  END Form4.Create
[14:23.55.437]  
[14:23.55.437]  
[14:23.55.437]  CREATING FormParams

[14:23.56.119]  BEGIN TFormParams.FormCreate
[14:23.56.174]  END TFormParams.FormCreate
[14:23.56.174]  
[14:23.56.174]  
[14:23.56.174]  CREATING FormSessionEdit


[14:23.57.883]  BEGIN FormSessionEdit.Create
[14:23.58.111]      BEGIN TFormSessionEdit.FindIP
[14:23.58.194]      END TFormSessionEdit.FindIP
[14:23.58.194]      BEGIN SetupEnumAvailableComPorts
[14:23.58.195]          SetupEnumAvailableComPorts: SetupDiClassGuidsFromName
[14:23.58.204]          SetupEnumAvailableComPorts: SetupDiGetClassDevs
[14:23.58.215]          SetupEnumAvailableComPorts: SetupDiEnumDeviceInfo
[14:23.58.215]          SetupEnumAvailableComPorts: SetupDiGetDeviceRegistryProperty
[14:23.58.215]          SetupEnumAvailableComPorts: SetupDiGetDeviceRegistryProperty
[14:23.58.216]          SetupEnumAvailableComPorts: SetupDiEnumDeviceInfo
[14:23.58.216]          SetupEnumAvailableComPorts: SetupDiDestroyDeviceInfoList
[14:23.58.217]      END SetupEnumAvailableComPorts
[14:23.58.220]  END FormSessionEdit.Create
[14:23.58.220]  
[14:23.58.220]  
[14:23.58.220]  CREATING FormTransparente
[14:23.58.245]  
[14:23.58.245]  
[14:23.58.246]  CREATING FormTermConfirmClose
[14:23.58.276]  
[14:23.58.276]  
[14:23.58.276]  CREATING FormManagePasswords
[14:23.58.345]  BEGIN TFormManagePasswords.FormCreate
[14:23.58.345]  END TFormManagePasswords.FormCreate
[14:23.58.345]  
[14:23.58.345]  
[14:23.58.345]  DONE CREATING FORMS
[14:23.58.345]  
[14:23.58.346]  
[14:23.58.346]  
[14:23.58.346]  
[14:23.58.349]  BEGIN Form1.Show
[14:23.58.349]  END Form1.Show
[14:23.58.470]  
[14:23.58.470]  Launching Form1.Timer1Timer
[14:23.58.471]  Core already unpacked
[14:23.58.471]  
[14:23.58.471]  BEGIN VerifyCoreFiles
[14:23.58.473]  END VerifyCoreFiles
[14:23.58.473]  
[14:23.58.475]  
[14:23.58.476]  
[14:23.58.476]  
[14:23.58.476]  
[14:23.58.476]  ================================================================================
[14:23.58.476]  ~    INI file content (C:\Users\SRIDHA~1\DOCUME~1\MOBAXT~1.1\MobaXterm.ini)    ~
[14:23.58.476]  ================================================================================
[14:23.58.476]  
[14:23.58.476]  
[Font]
Font2=MobaFont
FontIsBold2=0
FontHeight2=11
FontCharset2=0
FontQuality2=3
Charset2=UTF-8

[Cursor]
CursorType=0
CursorBlinks=0

[Misc]
DefTextEditor=<MobaTextEditor>
PasswordsInRegistry=0
StorePasswords=Always
StoreSSHKeysPassphrases=0
BackupIni=1
LogTerminalActivity=0
LogType=0
DefaultShell=0
LogFolder=
SkinName2=No skin
SkinSat=36
XAuto=1
XKeepAlive=1
BackspaceSendsBS=1
BoldAsFont=0
WinPath=1
ConfirmExit=1
RightClickAction=1
Scrollbar=1
SeparationLine=1
TrackTermActivity=1
WarnBeforePasteMultipleLines=0
LocalTerminal64Bits=0
BellType=0
TransTerm=0
TransDetachedTabs=0
X11SharedClipboard2=1
X11OpenGL=0
X11DisplayMode=0
X11AccessControl2=0
X11Engine=0
X11DisplayOffset=0
X11ScreenNumber=1
X11Keyboard=0
X11Version=MobaX
HomeDir=_ProfileDir_\Documents\MobaXterm_Portable_v11.1\mobo_persistent_drive
SlashDir=_ProfileDir_\Documents\MobaXterm_Portable_v11.1\slash
DefaultHome=<Home (pinned)>
DefaultNewTab=<Terminal>
ReplaceHomeTab=0
NoTabClose=0
AllowMultiInstances=0
LastSession=linbas.mgmt.tv3cloud.net (ebnghrk)|#109#0%linbas.mgmt.tv3cloud.net%2200%ebnghrk%%-1%-1%%%22%%0%0%0%%%-1%0%0%0%%1080%%0%0%1#MobaFont%11%0%0%-1%15%68,68,68%255,255,255%170,170,170%0%-1%0%%xterm%-1%1%0,0,0%68,68,68%128,0,0%170,0,0%0,128,0%0,170,0%128,128,0%170,170,0%0,0,128%0,0,170%128,0,128%170,0,170%0,128,128%0,170,170%128,128,128%170,170,170%80%24%0%1%-1%<none>%%0#0# #-1
SessionP=397170265010

[SSH]
UseInternalMobAgent=0
UseExternalPageant=1
ForwardSSHAgentDep=1
MobAgentKeys=
SSHCompression=1
X11Forwarding=1
DisplaySSHBanner=1
StrictHostKeyChecking=0
StrippedDownAlgoList2=1
GwUse2factor=0
AutoStartSSHGUI=1
SSHKeepAlive2=1
EnableSFTP=1
RemoteMonitoring=0
ScpPreservesDates=0
UseGSSAPI=1
KrbDomain=
GSSAPICustomLib=
GSSAPILibNumber=0
DefaultLoginName=
SFTPShowDotFiles=1
SFTPAsciiMode=0

[Display]
DisableQuickConnect=0
CustomDPI_1600_96=0
IconsTheme=0
FlickerFree2=1
SidebarRight=0
C10Checked=1
C11Checked=1
C12Checked=1
C13Checked=0
C14Checked=0
VisibleTabNum=1
VisibleTabClose=1
MenuAndButtons=2
BtnType2=2

[PopupConsole]
Transparency=16
Size=36
Sizeable=0
Position=3
TryToOpenInExplorerFolder=1
BackgroundInsteadOfClose=0

[X11Extension]
Composite=1
DAMAGE=1
RANDR=1
XFIXES=1
XTEST=1
XINERAMA=1

[WindowPos_EPINHYDW0218_1_1600]
CompactMode=0
MonitorCount=1
Left=266
Top=136
Width=1083
Height=603
Maximized=0
SidebarVisible=1
SidebarWidth=319

[Recently started]
16=
15=
14=
13=
12=
11=
10=
9=
8=
7=
6=
5=
4=
3=
2=linbas.mgmt.tv3cloud.net (ekndsrd)
1=linbas.mgmt.tv3cloud.net (ebnghrk)

[Bookmarks]
SubRep=
ImgNum=42
linbas.mgmt.tv3cloud.net (ebnghrk)=#109#0%linbas.mgmt.tv3cloud.net%2200%ebnghrk%%-1%-1%%%22%%0%0%0%%%-1%0%0%0%%1080%%0%0%1#MobaFont%11%0%0%-1%15%68,68,68%255,255,255%170,170,170%0%-1%0%%xterm%-1%1%0,0,0%68,68,68%128,0,0%170,0,0%0,128,0%0,170,0%128,128,0%170,170,0%0,0,128%0,0,170%128,0,128%170,0,170%0,128,128%0,170,170%128,128,128%170,170,170%80%24%0%1%-1%<none>%%0#0# #-1
linbas.mgmt.tv3cloud.net (ekndsrd)=#109#0%linbas.mgmt.tv3cloud.net%2200%ekndsrd%%-1%-1%%%22%%0%0%0%%%-1%0%0%0%%1080%%0%0%1#MobaFont%10%0%0%-1%15%68,68,68%255,255,255%170,170,170%0%-1%0%%xterm%-1%1%0,0,0%68,68,68%128,0,0%170,0,0%0,128,0%0,170,0%128,128,0%170,170,0%0,0,128%0,0,170%128,0,128%170,0,170%0,128,128%0,170,170%128,128,128%170,170,170%80%24%0%1%-1%<none>%%0#0# #-1

[LastInstanceSessions]
0= 
1= 

[14:23.58.477]  
[14:23.58.478]  
[14:23.58.478]  ================================================================================
[14:23.58.478]  
[14:23.58.478]  
[14:23.58.478]  
[14:23.58.478]  
[14:23.58.479]  BEGIN CreerFstab
[14:23.58.480]      CreerFstab: RootDirectory = C:/Users/SRIDHA~1/DOCUME~1/MOBAXT~1.1/slash
[14:23.58.482]      CreerFstab: HomeDirectory = C:/Users/SRIDHA~1/DOCUME~1/MOBAXT~1.1/MOBO_P~1
[14:23.58.486]  END CreerFstab
[14:23.58.486]  BEGIN extraireFichiers1
[14:23.58.488]      BEGIN CreerProfile
[14:23.58.497]      END CreerProfile
[14:23.58.497]      BEGIN CreerSshConfig
[14:23.58.506]      END CreerSshConfig
[14:23.58.506]      BEGIN CreerBaseProfile
[14:23.58.506]          NEW PLUGIN: mobase
[14:23.58.506]          BEGIN ProcessPlugin(mobase)
[14:23.58.506]              BEGIN GetMobaseStream

[14:23.59.542]              END GetMobaseStream
[14:23.59.544]          END ProcessPlugin(mobase)
[14:23.59.544]          NEW PLUGIN: C:\Users\SRIDHA~1\DOCUME~1\MOBAXT~1.1\CygUtils.plugin
[14:23.59.544]          BEGIN ProcessPlugin(C:\Users\SRIDHA~1\DOCUME~1\MOBAXT~1.1\CygUtils.plugin)
[14:23.59.658]          END ProcessPlugin(C:\Users\SRIDHA~1\DOCUME~1\MOBAXT~1.1\CygUtils.plugin)
[14:23.59.664]          Request for file extraction: /bin/ssh-pageant.exe
[14:23.59.665]          File ssh-pageant.exe extracted from CygUtils.plugin.
[14:23.59.666]          Request for file extraction: /bin/cyggcc_s-1.dll
[14:23.59.667]          File cyggcc_s-1.dll extracted from CygUtils.plugin.
[14:23.59.667]          BEGIN WaitForAllThreads
[14:23.59.668]          END WaitForAllThreads
[14:23.59.671]      END CreerBaseProfile
[14:23.59.672]      BEGIN MkGroupFile
[14:23.59.672]          BEGIN GetLocalGroups
[14:23.59.676]          END GetLocalGroups
[14:23.59.696]          SaveStringListToUnixFile(C:\Users\sridhar_kondaboina\Documents\MobaXterm_Portable_v11.1\slash\etc\group)
[14:23.59.699]          MkGroupFile OK
[14:23.59.700]      END MkGroupFile
[14:23.59.700]      BEGIN MkPasswdFile
[14:23.59.701]          Current Domain: PRINCETON.EPAM.COM
[14:23.59.701]          BEGIN Bui_GetWindowsUsersAccount
[14:23.59.701]          END Bui_GetWindowsUsersAccount
[14:23.59.710]          MkPasswdFile OK
[14:23.59.710]      END MkPasswdFile
[14:23.59.710]      BEGIN CreerNsswitch
[14:23.59.713]      END CreerNsswitch
[14:23.59.714]      Request for file extraction: /bin/scrdaemons
[14:23.59.715]      File scrdaemons extracted from CygUtils.plugin.
[14:23.59.715]      CreateSymbolicLink(C:\Users\sridhar_kondaboina\Documents\MobaXterm_Portable_v11.1\slash\bin\scrdaemons, C:\Users\sridhar_kondaboina\Documents\MobaXterm_Portable_v11.1\slash\etc\init.d\tftp);
[14:23.59.726]      CreateSymbolicLink(C:\Users\sridhar_kondaboina\Documents\MobaXterm_Portable_v11.1\slash\bin\scrdaemons, C:\Users\sridhar_kondaboina\Documents\MobaXterm_Portable_v11.1\slash\etc\init.d\ftp);
[14:23.59.731]      CreateSymbolicLink(C:\Users\sridhar_kondaboina\Documents\MobaXterm_Portable_v11.1\slash\bin\scrdaemons, C:\Users\sridhar_kondaboina\Documents\MobaXterm_Portable_v11.1\slash\etc\init.d\http);
[14:23.59.736]      CreateSymbolicLink(C:\Users\sridhar_kondaboina\Documents\MobaXterm_Portable_v11.1\slash\bin\scrdaemons, C:\Users\sridhar_kondaboina\Documents\MobaXterm_Portable_v11.1\slash\etc\init.d\ssh);
[14:23.59.741]      CreateSymbolicLink(C:\Users\sridhar_kondaboina\Documents\MobaXterm_Portable_v11.1\slash\bin\scrdaemons, C:\Users\sridhar_kondaboina\Documents\MobaXterm_Portable_v11.1\slash\etc\init.d\telnet);
[14:23.59.746]      CreateSymbolicLink(C:\Users\sridhar_kondaboina\Documents\MobaXterm_Portable_v11.1\slash\bin\scrdaemons, C:\Users\sridhar_kondaboina\Documents\MobaXterm_Portable_v11.1\slash\etc\init.d\nfs);
[14:23.59.752]      CreateSymbolicLink(C:\Users\sridhar_kondaboina\Documents\MobaXterm_Portable_v11.1\slash\bin\scrdaemons, C:\Users\sridhar_kondaboina\Documents\MobaXterm_Portable_v11.1\slash\etc\init.d\vnc);
[14:23.59.759]      Request for file extraction: /bin/cygtermd.exe
[14:23.59.760]      File cygtermd.exe extracted from CygUtils.plugin.
[14:23.59.762]      Request for file extraction: /bin/cygz.dll
[14:23.59.762]      File cygz.dll extracted from CygUtils.plugin.
[14:23.59.765]      Request for file extraction: /bin/cyggcc_s-1.dll
[14:23.59.766]      File cyggcc_s-1.dll extracted from CygUtils.plugin.
[14:23.59.767]      Request for file extraction: /bin/cygwin-console-helper.exe
[14:23.59.768]      File cygwin-console-helper.exe extracted from CygUtils.plugin.
[14:23.59.770]      Request for file extraction: /bin/ssh.exe
[14:23.59.771]      File ssh.exe extracted from CygUtils.plugin.
[14:23.59.773]      Request for file extraction: /etc/bash.bash_logout
[14:23.59.774]      Request for file extraction: /etc/profile.d
[14:23.59.776]      Request for file extraction: /etc/profile.d/*
[14:23.59.776]      CreerRaccourciVersMobaXterm(C:\Users\sridhar_kondaboina\Documents\MobaXterm_Portable_v11.1\slash\bin\MobaListPorts, -listports);
[14:23.59.778]      CreerRaccourciVersMobaXterm(C:\Users\sridhar_kondaboina\Documents\MobaXterm_Portable_v11.1\slash\bin\MobaPictureViewer, -picview);
[14:23.59.779]      CreerRaccourciVersMobaXterm(C:\Users\sridhar_kondaboina\Documents\MobaXterm_Portable_v11.1\slash\bin\MobaTextEditor, -edit);
[14:23.59.781]      CreerRaccourciVersMobaXterm(C:\Users\sridhar_kondaboina\Documents\MobaXterm_Portable_v11.1\slash\bin\MobaCompareFiles, -compfiles);
[14:23.59.782]      CreerRaccourciVersMobaXterm(C:\Users\sridhar_kondaboina\Documents\MobaXterm_Portable_v11.1\slash\bin\MobaCompareFolders, -compfolders);
[14:23.59.785]      Request for file extraction: /usr/share/terminfo/78/xterm
[14:23.59.800]      File xterm extracted from CygUtils.plugin.
[14:23.59.802]      Request for file extraction: /usr/share/terminfo/63/cygwin
[14:23.59.803]      File cygwin extracted from CygUtils.plugin.
[14:23.59.806]      Request for file extraction: /etc/bash_completion
[14:23.59.807]      File bash_completion extracted from CygUtils.plugin.
[14:23.59.809]      Request for file extraction: /usr/share/zoneinfo/posixrules
[14:23.59.810]      File posixrules extracted successfully.
[14:23.59.812]      Request for file extraction: /etc/inputrc
[14:23.59.813]      File inputrc extracted from CygUtils.plugin.
[14:23.59.813]  END extraireFichiers1
[14:23.59.813]  CreateSymbolicLink(/proc/registry, C:\Users\sridhar_kondaboina\Documents\MobaXterm_Portable_v11.1\slash\registry);
[14:23.59.816]  CreateSymbolicLink(C:\Users\sridhar_kondaboina\Documents\MobaXterm_Portable_v11.1\slash\bin\bash.exe, C:\Users\sridhar_kondaboina\Documents\MobaXterm_Portable_v11.1\slash\bin\sh);
[14:23.59.822]  CreateSymbolicLink(C:\WINDOWS\system32\drivers\etc\hosts, C:\Users\sridhar_kondaboina\Documents\MobaXterm_Portable_v11.1\slash\etc\hosts);
[14:23.59.824]  !!!! Exception EFCreateError: Cannot create file "C:\Users\sridhar_kondaboina\Documents\MobaXterm_Portable_v11.1\slash\etc\hosts". The process cannot access the file because it is being used by another process during CreerLienSymb2
[14:23.59.826]  CreateSymbolicLink(C:\WINDOWS\system32\drivers\etc\networks, C:\Users\sridhar_kondaboina\Documents\MobaXterm_Portable_v11.1\slash\etc\networks);
[14:23.59.831]  CreateSymbolicLink(C:\WINDOWS\system32\drivers\etc\protocol, C:\Users\sridhar_kondaboina\Documents\MobaXterm_Portable_v11.1\slash\etc\protocol);
[14:23.59.833]  !!!! Exception EFCreateError: Cannot create file "C:\Users\sridhar_kondaboina\Documents\MobaXterm_Portable_v11.1\slash\etc\protocol". The process cannot access the file because it is being used by another process during CreerLienSymb2
[14:23.59.834]  CreateSymbolicLink(C:\WINDOWS\system32\drivers\etc\services, C:\Users\sridhar_kondaboina\Documents\MobaXterm_Portable_v11.1\slash\etc\services);
[14:23.59.837]  !!!! Exception EFCreateError: Cannot create file "C:\Users\sridhar_kondaboina\Documents\MobaXterm_Portable_v11.1\slash\etc\services". The process cannot access the file because it is being used by another process during CreerLienSymb2
